<?xml version="1.0" encoding="UTF-8"?>
<!-- Generated by org.testng.reporters.JUnitReportReporter -->
<testsuite skipped="1" hostname="NBTITMA121815" name="br.gov.caixa.siemp.tests.LoginTest" tests="2" failures="0" timestamp="2020-02-06T17:41:45 BRT" time="239.627" errors="0">
  <testcase name="GerarMassaTeste" time="239.627" classname="br.gov.caixa.siemp.tests.LoginTest"/>
  <testcase name="Testes" classname="br.gov.caixa.siemp.tests.LoginTest">
    <skipped/>
  </testcase> <!-- Testes -->
</testsuite> <!-- br.gov.caixa.siemp.tests.LoginTest -->
