<?xml version="1.0" encoding="UTF-8"?>
<!-- Generated by org.testng.reporters.JUnitReportReporter -->
<testsuite skipped="1" hostname="NBTITMA121815" name="br.gov.caixa.siemp.tests.SIEMP" tests="7" failures="0" timestamp="2020-03-09T10:59:22 BRT" time="31.856" errors="0">
  <testcase name="PagamentoParcelaJuros" time="0.003" classname="br.gov.caixa.siemp.tests.SIEMP"/>
  <testcase name="AmortizacaoLiquidacao" time="31.839" classname="br.gov.caixa.siemp.tests.SIEMP"/>
  <testcase name="Estorno" time="0.004" classname="br.gov.caixa.siemp.tests.SIEMP"/>
  <testcase name="CancelamentoParcial" time="0.005" classname="br.gov.caixa.siemp.tests.SIEMP"/>
  <testcase name="CancelamentoTotal" time="0.002" classname="br.gov.caixa.siemp.tests.SIEMP"/>
  <testcase name="Carencia" time="0.003" classname="br.gov.caixa.siemp.tests.SIEMP"/>
  <testcase name="LiquidacaoContrato" classname="br.gov.caixa.siemp.tests.SIEMP">
    <skipped/>
  </testcase> <!-- LiquidacaoContrato -->
</testsuite> <!-- br.gov.caixa.siemp.tests.SIEMP -->
